Using pre-set license
Built from '2020.3/staging' branch; Version is '2020.3.25f1 (9b9180224418) revision 10195328'; Using compiler version '192528614'; Build Type 'Release'
OS: 'Windows 10  (10.0.19044) 64bit Professional' Language: 'es' Physical Memory: 16300 MB
BatchMode: 1, IsHumanControllingUs: 0, StartBugReporterOnCrash: 0, Is64bit: 1, IsPro: 0

COMMAND LINE ARGUMENTS:
C:\Program Files\Unity\Hub\Editor\2020.3.25f1\Editor\Unity.exe
-adb2
-batchMode
-noUpm
-name
AssetImportWorker0
-projectPath
C:/´Marxssy/CODER/pruebagithub/proyecto-casi - Copy (2) - Copy
-logFile
Logs/AssetImportWorker0.log
-srvPort
56918
Successfully changed project path to: C:/´Marxssy/CODER/pruebagithub/proyecto-casi - Copy (2) - Copy
C:/´Marxssy/CODER/pruebagithub/proyecto-casi - Copy (2) - Copy
Using Asset Import Pipeline V2.
Refreshing native plugins compatible for Editor in 50.43 ms, found 2 plugins.
Preloading 0 native plugins for Editor in 0.00 ms.
Initialize engine version: 2020.3.25f1 (9b9180224418)
[Subsystems] Discovering subsystems at path C:/Program Files/Unity/Hub/Editor/2020.3.25f1/Editor/Data/Resources/UnitySubsystems
[Subsystems] Discovering subsystems at path C:/´Marxssy/CODER/pruebagithub/proyecto-casi - Copy (2) - Copy/Assets
GfxDevice: creating device client; threaded=0
Direct3D:
    Version:  Direct3D 11.0 [level 11.1]
    Renderer: Radeon RX 570 Series (ID=0x67df)
    Vendor:   
    VRAM:     4075 MB
    Driver:   30.0.13023.4001
Initialize mono
Mono path[0] = 'C:/Program Files/Unity/Hub/Editor/2020.3.25f1/Editor/Data/Managed'
Mono path[1] = 'C:/Program Files/Unity/Hub/Editor/2020.3.25f1/Editor/Data/MonoBleedingEdge/lib/mono/unityjit'
Mono config path = 'C:/Program Files/Unity/Hub/Editor/2020.3.25f1/Editor/Data/MonoBleedingEdge/etc'
Using monoOptions --debugger-agent=transport=dt_socket,embedding=1,server=y,suspend=n,address=127.0.0.1:56848
Begin MonoManager ReloadAssembly
Registering precompiled unity dll's ...
Register platform support module: C:/Program Files/Unity/Hub/Editor/2020.3.25f1/Editor/Data/PlaybackEngines/WindowsStandaloneSupport/UnityEditor.WindowsStandalone.Extensions.dll
Registered in 0.002695 seconds.
Native extension for WindowsStandalone target not found
Refreshing native plugins compatible for Editor in 47.23 ms, found 2 plugins.
Preloading 0 native plugins for Editor in 0.00 ms.
Mono: successfully reloaded assembly
- Completed reload, in  0.566 seconds
Domain Reload Profiling:
	ReloadAssembly (566ms)
		BeginReloadAssembly (58ms)
			ExecutionOrderSort (0ms)
			DisableScriptedObjects (0ms)
			BackupInstance (0ms)
			ReleaseScriptingObjects (0ms)
			CreateAndSetChildDomain (1ms)
		EndReloadAssembly (435ms)
			LoadAssemblies (55ms)
			RebuildTransferFunctionScriptingTraits (0ms)
			SetupTypeCache (143ms)
			ReleaseScriptCaches (0ms)
			RebuildScriptCaches (29ms)
			SetupLoadedEditorAssemblies (167ms)
				LogAssemblyErrors (0ms)
				InitializePlatformSupportModulesInManaged (4ms)
				SetLoadedEditorAssemblies (0ms)
				RefreshPlugins (47ms)
				BeforeProcessingInitializeOnLoad (12ms)
				ProcessInitializeOnLoadAttributes (76ms)
				ProcessInitializeOnLoadMethodAttributes (26ms)
				AfterProcessingInitializeOnLoad (0ms)
				EditorAssembliesLoaded (0ms)
			ExecutionOrderSort2 (0ms)
			AwakeInstancesAfterBackupRestoration (0ms)
Platform modules already initialized, skipping
Registering precompiled user dll's ...
Registered in 0.006827 seconds.
Begin MonoManager ReloadAssembly
Symbol file data-0000023A862775A0 doesn't match image C:\´Marxssy\CODER\pruebagithub\proyecto-casi - Copy (2) - Copy\Library\ScriptAssemblies\Unity.Services.Core.Editor.dll
Symbol file LoadedFromMemory is not a mono symbol file
Symbol file data-0000023A862191F0 doesn't match image C:\´Marxssy\CODER\pruebagithub\proyecto-casi - Copy (2) - Copy\Library\ScriptAssemblies\Cinemachine.dll
Symbol file LoadedFromMemory is not a mono symbol file
Symbol file data-0000023AA8A4E7E0 doesn't match image C:\´Marxssy\CODER\pruebagithub\proyecto-casi - Copy (2) - Copy\Library\ScriptAssemblies\Unity.VSCode.Editor.dll
Symbol file LoadedFromMemory is not a mono symbol file
Symbol file data-0000023AA8ACC230 doesn't match image C:\´Marxssy\CODER\pruebagithub\proyecto-casi - Copy (2) - Copy\Library\ScriptAssemblies\com.unity.cinemachine.editor.dll
Symbol file LoadedFromMemory is not a mono symbol file
Symbol file data-0000023AA8ACC230 doesn't match image C:\´Marxssy\CODER\pruebagithub\proyecto-casi - Copy (2) - Copy\Library\ScriptAssemblies\Unity.TextMeshPro.Editor.dll
Symbol file LoadedFromMemory is not a mono symbol file
Symbol file data-0000023A862775A0 doesn't match image C:\´Marxssy\CODER\pruebagithub\proyecto-casi - Copy (2) - Copy\Library\ScriptAssemblies\Unity.VisualStudio.Editor.dll
Symbol file LoadedFromMemory is not a mono symbol file
Symbol file data-0000023A8648C020 doesn't match image C:\´Marxssy\CODER\pruebagithub\proyecto-casi - Copy (2) - Copy\Library\ScriptAssemblies\UnityEngine.TestRunner.dll
Symbol file LoadedFromMemory is not a mono symbol file
Symbol file data-0000023AA91F8020 doesn't match image C:\´Marxssy\CODER\pruebagithub\proyecto-casi - Copy (2) - Copy\Library\ScriptAssemblies\Unity.Timeline.Editor.dll
Symbol file LoadedFromMemory is not a mono symbol file
Symbol file data-0000023A8648C020 doesn't match image C:\´Marxssy\CODER\pruebagithub\proyecto-casi - Copy (2) - Copy\Library\ScriptAssemblies\Unity.Timeline.dll
Symbol file LoadedFromMemory is not a mono symbol file
Symbol file data-0000023AA91F8020 doesn't match image C:\´Marxssy\CODER\pruebagithub\proyecto-casi - Copy (2) - Copy\Library\ScriptAssemblies\Unity.TextMeshPro.dll
Symbol file LoadedFromMemory is not a mono symbol file
Symbol file data-0000023A8648C020 doesn't match image C:\´Marxssy\CODER\pruebagithub\proyecto-casi - Copy (2) - Copy\Library\ScriptAssemblies\Unity.CollabProxy.Editor.dll
Symbol file LoadedFromMemory is not a mono symbol file
Symbol file data-0000023AA8ACC230 doesn't match image C:\´Marxssy\CODER\pruebagithub\proyecto-casi - Copy (2) - Copy\Library\ScriptAssemblies\UnityEditor.TestRunner.dll
Symbol file LoadedFromMemory is not a mono symbol file
Symbol file data-0000023A862775A0 doesn't match image C:\´Marxssy\CODER\pruebagithub\proyecto-casi - Copy (2) - Copy\Library\ScriptAssemblies\UnityEditor.UI.dll
Symbol file LoadedFromMemory is not a mono symbol file
Symbol file data-0000023AA8A2F490 doesn't match image C:\´Marxssy\CODER\pruebagithub\proyecto-casi - Copy (2) - Copy\Library\ScriptAssemblies\Unity.Rider.Editor.dll
Symbol file LoadedFromMemory is not a mono symbol file
Symbol file data-0000023AA9724020 doesn't match image C:\´Marxssy\CODER\pruebagithub\proyecto-casi - Copy (2) - Copy\Library\ScriptAssemblies\UnityEngine.UI.dll
Symbol file LoadedFromMemory is not a mono symbol file
Symbol file data-0000023AA9724020 doesn't match image C:\´Marxssy\CODER\pruebagithub\proyecto-casi - Copy (2) - Copy\Library\ScriptAssemblies\Unity.PlasticSCM.Editor.dll
Symbol file LoadedFromMemory is not a mono symbol file
Native extension for WindowsStandalone target not found
Refreshing native plugins compatible for Editor in 0.49 ms, found 2 plugins.
Preloading 0 native plugins for Editor in 0.00 ms.
Mono: successfully reloaded assembly
- Completed reload, in  0.992 seconds
Domain Reload Profiling:
	ReloadAssembly (993ms)
		BeginReloadAssembly (140ms)
			ExecutionOrderSort (0ms)
			DisableScriptedObjects (4ms)
			BackupInstance (0ms)
			ReleaseScriptingObjects (0ms)
			CreateAndSetChildDomain (18ms)
		EndReloadAssembly (791ms)
			LoadAssemblies (89ms)
			RebuildTransferFunctionScriptingTraits (0ms)
			SetupTypeCache (273ms)
			ReleaseScriptCaches (0ms)
			RebuildScriptCaches (45ms)
			SetupLoadedEditorAssemblies (301ms)
				LogAssemblyErrors (0ms)
				InitializePlatformSupportModulesInManaged (4ms)
				SetLoadedEditorAssemblies (0ms)
				RefreshPlugins (1ms)
				BeforeProcessingInitializeOnLoad (91ms)
				ProcessInitializeOnLoadAttributes (189ms)
				ProcessInitializeOnLoadMethodAttributes (8ms)
				AfterProcessingInitializeOnLoad (8ms)
				EditorAssembliesLoaded (0ms)
			ExecutionOrderSort2 (0ms)
			AwakeInstancesAfterBackupRestoration (6ms)
Platform modules already initialized, skipping
========================================================================
Worker process is ready to serve import requests
Launched and connected shader compiler UnityShaderCompiler.exe after 0.08 seconds
Refreshing native plugins compatible for Editor in 0.49 ms, found 2 plugins.
Preloading 0 native plugins for Editor in 0.00 ms.
Unloading 1832 Unused Serialized files (Serialized files now loaded: 0)
System memory in use before: 189.9 MB.
System memory in use after: 190.0 MB.

Unloading 20 unused Assets to reduce memory usage. Loaded Objects now: 2295.
Total: 2.498100 ms (FindLiveObjects: 0.140100 ms CreateObjectMapping: 0.059800 ms MarkObjects: 2.230900 ms  DeleteObjects: 0.066500 ms)

AssetImportParameters requested are different than current active one (requested -> active):
  custom:framework-win-MediaFoundation: 216162199b28c13a410421893ffa2e32 -> 
  custom:video-decoder-ogg-theora: a1e56fd34408186e4bbccfd4996cb3dc -> 
  custom:container-muxer-webm: aa71ff27fc2769a1b78a27578f13a17b -> 
  custom:container-demuxer-webm: 4f35f7cbe854078d1ac9338744f61a02 -> 
  custom:container-demuxer-ogg: 62fdf1f143b41e24485cea50d1cbac27 -> 
  custom:video-encoder-webm-vp8: eb34c28f22e8b96e1ab97ce403110664 -> 
  custom:video-decoder-webm-vp8: 9c59270c3fd7afecdb556c50c9e8de78 -> 
  custom:audio-decoder-ogg-vorbis: bf7c407c2cedff20999df2af8eb42d56 -> 
  custom:audio-encoder-webm-vorbis: bf7c407c2cedff20999df2af8eb42d56 -> 
========================================================================
Received Import Request.
  path: Assets/SCENES/JARDIN.unity
  artifactKey: Guid(7cd0c015d01b5c041ba27d24f52a654b) Importer(815301076,1909f56bfc062723c751e8b465ee728b)
Start importing Assets/SCENES/JARDIN.unity using Guid(7cd0c015d01b5c041ba27d24f52a654b) Importer(815301076,1909f56bfc062723c751e8b465ee728b)  -> (artifact id: '943f3785d0a5aa7fe00e155faeb910c5') in 0.013274 seconds 
  Import took 0.016069 seconds .

========================================================================
Received Prepare
Registering precompiled user dll's ...
Registered in 0.006762 seconds.
Begin MonoManager ReloadAssembly
Symbol file data-0000023A863E5730 doesn't match image C:\´Marxssy\CODER\pruebagithub\proyecto-casi - Copy (2) - Copy\Library\ScriptAssemblies\Unity.Services.Core.Editor.dll
Symbol file LoadedFromMemory is not a mono symbol file
Symbol file data-0000023AAA642420 doesn't match image C:\´Marxssy\CODER\pruebagithub\proyecto-casi - Copy (2) - Copy\Library\ScriptAssemblies\Cinemachine.dll
Symbol file LoadedFromMemory is not a mono symbol file
Symbol file data-0000023AAA65EE40 doesn't match image C:\´Marxssy\CODER\pruebagithub\proyecto-casi - Copy (2) - Copy\Library\ScriptAssemblies\Unity.VSCode.Editor.dll
Symbol file LoadedFromMemory is not a mono symbol file
Symbol file data-0000023AA979C020 doesn't match image C:\´Marxssy\CODER\pruebagithub\proyecto-casi - Copy (2) - Copy\Library\ScriptAssemblies\com.unity.cinemachine.editor.dll
Symbol file LoadedFromMemory is not a mono symbol file
Symbol file data-0000023AA979C020 doesn't match image C:\´Marxssy\CODER\pruebagithub\proyecto-casi - Copy (2) - Copy\Library\ScriptAssemblies\Unity.TextMeshPro.Editor.dll
Symbol file LoadedFromMemory is not a mono symbol file
Symbol file data-0000023AAA368030 doesn't match image C:\´Marxssy\CODER\pruebagithub\proyecto-casi - Copy (2) - Copy\Library\ScriptAssemblies\Unity.VisualStudio.Editor.dll
Symbol file LoadedFromMemory is not a mono symbol file
Symbol file data-0000023AA975B230 doesn't match image C:\´Marxssy\CODER\pruebagithub\proyecto-casi - Copy (2) - Copy\Library\ScriptAssemblies\UnityEngine.TestRunner.dll
Symbol file LoadedFromMemory is not a mono symbol file
Symbol file data-0000023AA91F8020 doesn't match image C:\´Marxssy\CODER\pruebagithub\proyecto-casi - Copy (2) - Copy\Library\ScriptAssemblies\Unity.Timeline.Editor.dll
Symbol file LoadedFromMemory is not a mono symbol file
Symbol file data-0000023AA979C020 doesn't match image C:\´Marxssy\CODER\pruebagithub\proyecto-casi - Copy (2) - Copy\Library\ScriptAssemblies\Unity.Timeline.dll
Symbol file LoadedFromMemory is not a mono symbol file
Symbol file data-0000023AA9553020 doesn't match image C:\´Marxssy\CODER\pruebagithub\proyecto-casi - Copy (2) - Copy\Library\ScriptAssemblies\Unity.TextMeshPro.dll
Symbol file LoadedFromMemory is not a mono symbol file
Symbol file data-0000023A86350460 doesn't match image C:\´Marxssy\CODER\pruebagithub\proyecto-casi - Copy (2) - Copy\Library\ScriptAssemblies\Unity.CollabProxy.Editor.dll
Symbol file LoadedFromMemory is not a mono symbol file
Symbol file data-0000023AA8BF1430 doesn't match image C:\´Marxssy\CODER\pruebagithub\proyecto-casi - Copy (2) - Copy\Library\ScriptAssemblies\UnityEditor.TestRunner.dll
Symbol file LoadedFromMemory is not a mono symbol file
Symbol file data-0000023AAA368030 doesn't match image C:\´Marxssy\CODER\pruebagithub\proyecto-casi - Copy (2) - Copy\Library\ScriptAssemblies\UnityEditor.UI.dll
Symbol file LoadedFromMemory is not a mono symbol file
Symbol file data-0000023AAD6C9E30 doesn't match image C:\´Marxssy\CODER\pruebagithub\proyecto-casi - Copy (2) - Copy\Library\ScriptAssemblies\Unity.Rider.Editor.dll
Symbol file LoadedFromMemory is not a mono symbol file
Symbol file data-0000023AAD1DD010 doesn't match image C:\´Marxssy\CODER\pruebagithub\proyecto-casi - Copy (2) - Copy\Library\ScriptAssemblies\UnityEngine.UI.dll
Symbol file LoadedFromMemory is not a mono symbol file
Symbol file data-0000023A86664170 doesn't match image C:\´Marxssy\CODER\pruebagithub\proyecto-casi - Copy (2) - Copy\Library\ScriptAssemblies\Unity.PlasticSCM.Editor.dll
Symbol file LoadedFromMemory is not a mono symbol file
Native extension for WindowsStandalone target not found
Refreshing native plugins compatible for Editor in 0.49 ms, found 2 plugins.
Preloading 0 native plugins for Editor in 0.00 ms.
Mono: successfully reloaded assembly
- Completed reload, in  0.958 seconds
Domain Reload Profiling:
	ReloadAssembly (958ms)
		BeginReloadAssembly (120ms)
			ExecutionOrderSort (0ms)
			DisableScriptedObjects (4ms)
			BackupInstance (0ms)
			ReleaseScriptingObjects (0ms)
			CreateAndSetChildDomain (32ms)
		EndReloadAssembly (774ms)
			LoadAssemblies (103ms)
			RebuildTransferFunctionScriptingTraits (0ms)
			SetupTypeCache (267ms)
			ReleaseScriptCaches (1ms)
			RebuildScriptCaches (37ms)
			SetupLoadedEditorAssemblies (283ms)
				LogAssemblyErrors (0ms)
				InitializePlatformSupportModulesInManaged (4ms)
				SetLoadedEditorAssemblies (0ms)
				RefreshPlugins (1ms)
				BeforeProcessingInitializeOnLoad (86ms)
				ProcessInitializeOnLoadAttributes (176ms)
				ProcessInitializeOnLoadMethodAttributes (8ms)
				AfterProcessingInitializeOnLoad (8ms)
				EditorAssembliesLoaded (0ms)
			ExecutionOrderSort2 (0ms)
			AwakeInstancesAfterBackupRestoration (6ms)
Platform modules already initialized, skipping
Refreshing native plugins compatible for Editor in 0.49 ms, found 2 plugins.
Preloading 0 native plugins for Editor in 0.00 ms.
Unloading 1777 Unused Serialized files (Serialized files now loaded: 0)
System memory in use before: 184.9 MB.
System memory in use after: 185.0 MB.

Unloading 15 unused Assets to reduce memory usage. Loaded Objects now: 2297.
Total: 2.513200 ms (FindLiveObjects: 0.139700 ms CreateObjectMapping: 0.054800 ms MarkObjects: 2.300300 ms  DeleteObjects: 0.017400 ms)

AssetImportParameters requested are different than current active one (requested -> active):
  custom:framework-win-MediaFoundation: 216162199b28c13a410421893ffa2e32 -> 
  custom:video-decoder-ogg-theora: a1e56fd34408186e4bbccfd4996cb3dc -> 
  custom:container-muxer-webm: aa71ff27fc2769a1b78a27578f13a17b -> 
  custom:container-demuxer-webm: 4f35f7cbe854078d1ac9338744f61a02 -> 
  custom:container-demuxer-ogg: 62fdf1f143b41e24485cea50d1cbac27 -> 
  custom:video-encoder-webm-vp8: eb34c28f22e8b96e1ab97ce403110664 -> 
  custom:video-decoder-webm-vp8: 9c59270c3fd7afecdb556c50c9e8de78 -> 
  custom:audio-decoder-ogg-vorbis: bf7c407c2cedff20999df2af8eb42d56 -> 
  custom:audio-encoder-webm-vorbis: bf7c407c2cedff20999df2af8eb42d56 -> 
========================================================================
Received Import Request.
  Time since last request: 129.125968 seconds.
  path: Assets/PREFABS/ParticlesLight.prefab
  artifactKey: Guid(61a6b3a108030e54ba372fe7097916d0) Importer(815301076,1909f56bfc062723c751e8b465ee728b)
Start importing Assets/PREFABS/ParticlesLight.prefab using Guid(61a6b3a108030e54ba372fe7097916d0) Importer(815301076,1909f56bfc062723c751e8b465ee728b)  -> (artifact id: '143e211a8901e9166ea255924fbc5779') in 0.044278 seconds 
  Import took 0.047245 seconds .

========================================================================
Received Import Request.
  Time since last request: 4.943074 seconds.
  path: Assets/PREFABS/enemys/GLADIATOR.prefab
  artifactKey: Guid(f24af972a82c54d4787b3782c2d2d9fa) Importer(815301076,1909f56bfc062723c751e8b465ee728b)
Start importing Assets/PREFABS/enemys/GLADIATOR.prefab using Guid(f24af972a82c54d4787b3782c2d2d9fa) Importer(815301076,1909f56bfc062723c751e8b465ee728b)  -> (artifact id: '64395f374be8cd825c353b5c4d352c0e') in 0.166963 seconds 
  Import took 0.170913 seconds .

========================================================================
Received Import Request.
  Time since last request: 0.000250 seconds.
  path: Assets/PREFABS/enemys/MONSTER.prefab
  artifactKey: Guid(de4a9b9e40c2373449cb6115632ecae3) Importer(815301076,1909f56bfc062723c751e8b465ee728b)
Start importing Assets/PREFABS/enemys/MONSTER.prefab using Guid(de4a9b9e40c2373449cb6115632ecae3) Importer(815301076,1909f56bfc062723c751e8b465ee728b)  -> (artifact id: '56160fca3635684f7711901a42216328') in 0.031124 seconds 
  Import took 0.034238 seconds .

========================================================================
Received Import Request.
  Time since last request: 0.000293 seconds.
  path: Assets/PREFABS/enemys/LUCIFER.prefab
  artifactKey: Guid(3cc901356bb920546a1ef0d0f74e28f1) Importer(815301076,1909f56bfc062723c751e8b465ee728b)
Start importing Assets/PREFABS/enemys/LUCIFER.prefab using Guid(3cc901356bb920546a1ef0d0f74e28f1) Importer(815301076,1909f56bfc062723c751e8b465ee728b)  -> (artifact id: '0c1da25db39892958e391e90dc0dece1') in 0.124987 seconds 
  Import took 0.128191 seconds .

